Using pre-set license
Built from '2020.3/staging' branch; Version is '2020.3.0f1 (c7b5465681fb) revision 13088070'; Using compiler version '192528614'; Build Type 'Release'
OS: 'Windows 10 Home Single Language; OS build 19042.746; Version 2009; 64bit' Language: 'en' Physical Memory: 16234 MB
BatchMode: 1, IsHumanControllingUs: 0, StartBugReporterOnCrash: 0, Is64bit: 1, IsPro: 0

 COMMAND LINE ARGUMENTS:
E:\Unity\Hub\Editor\2020.3.0f1\Editor\Unity.exe
-adb2
-batchMode
-noUpm
-name
AssetImportWorker0
-projectPath
D:/Coding practice/Unity/Move&Learn
-logFile
Logs/AssetImportWorker0.log
-srvPort
60355
Successfully changed project path to: D:/Coding practice/Unity/Move&Learn
D:/Coding practice/Unity/Move&Learn
Using Asset Import Pipeline V2.
Refreshing native plugins compatible for Editor in 90.25 ms, found 0 plugins.
Preloading 0 native plugins for Editor in 0.00 ms.
Initialize engine version: 2020.3.0f1 (c7b5465681fb)
[Subsystems] Discovering subsystems at path E:/Unity/Hub/Editor/2020.3.0f1/Editor/Data/Resources/UnitySubsystems
[Subsystems] Discovering subsystems at path D:/Coding practice/Unity/Move&Learn/Assets
GfxDevice: creating device client; threaded=0
Direct3D:
    Version:  Direct3D 11.0 [level 11.1]
    Renderer: NVIDIA GeForce GTX 1050 (ID=0x1c8d)
    Vendor:   
    VRAM:     4019 MB
    Driver:   27.21.14.6589
Initialize mono
Mono path[0] = 'E:/Unity/Hub/Editor/2020.3.0f1/Editor/Data/Managed'
Mono path[1] = 'E:/Unity/Hub/Editor/2020.3.0f1/Editor/Data/MonoBleedingEdge/lib/mono/unityjit'
Mono config path = 'E:/Unity/Hub/Editor/2020.3.0f1/Editor/Data/MonoBleedingEdge/etc'
Using monoOptions --debugger-agent=transport=dt_socket,embedding=1,server=y,suspend=n,address=127.0.0.1:56344
Begin MonoManager ReloadAssembly
Registering precompiled unity dll's ...
Register platform support module: E:/Unity/Hub/Editor/2020.3.0f1/Editor/Data/PlaybackEngines/WindowsStandaloneSupport/UnityEditor.WindowsStandalone.Extensions.dll
Registered in 0.001971 seconds.
Native extension for WindowsStandalone target not found
Refreshing native plugins compatible for Editor in 93.19 ms, found 0 plugins.
Preloading 0 native plugins for Editor in 0.00 ms.
Invoked RoslynAnalysisRunner static constructor.
RoslynAnalysisRunner will not be running.
RoslynAnalysisRunner has terminated.
Mono: successfully reloaded assembly
- Completed reload, in  3.078 seconds
Platform modules already initialized, skipping
Registering precompiled user dll's ...
Registered in 0.001418 seconds.
Begin MonoManager ReloadAssembly
Native extension for WindowsStandalone target not found
Refreshing native plugins compatible for Editor in 0.72 ms, found 0 plugins.
Preloading 0 native plugins for Editor in 0.00 ms.
Invoked RoslynAnalysisRunner static constructor.
RoslynAnalysisRunner will not be running.
RoslynAnalysisRunner has terminated.
Mono: successfully reloaded assembly
- Completed reload, in  1.471 seconds
Platform modules already initialized, skipping
========================================================================
Worker process is ready to serve import requests
Launched and connected shader compiler UnityShaderCompiler.exe after 0.09 seconds
Refreshing native plugins compatible for Editor in 0.77 ms, found 0 plugins.
Preloading 0 native plugins for Editor in 0.00 ms.
Unloading 1189 Unused Serialized files (Serialized files now loaded: 0)
System memory in use before: 79.3 MB.
System memory in use after: 78.5 MB.

Unloading 35 unused Assets to reduce memory usage. Loaded Objects now: 1633.
Total: 4.301500 ms (FindLiveObjects: 0.211000 ms CreateObjectMapping: 0.062300 ms MarkObjects: 2.843800 ms  DeleteObjects: 1.182800 ms)

========================================================================
Received Import Request.
  path: Assets/9t5 Low Poly Playground/Characters/FBXs/Male Playground.fbx
  artifactKey: Guid(fd6bc0cf0fb0fdb44aa382b8312fecd6) Importer(815301076,1909f56bfc062723c751e8b465ee728b)
Start importing Assets/9t5 Low Poly Playground/Characters/FBXs/Male Playground.fbx using Guid(fd6bc0cf0fb0fdb44aa382b8312fecd6) Importer(815301076,1909f56bfc062723c751e8b465ee728b)  -> (artifact id: '701030bb0dcbbf5fda95e1c7c0d776ba') in 0.518385 seconds
  Import took 0.542746 seconds .

========================================================================
Received Import Request.
  Time since last request: 0.000512 seconds.
  path: Assets/9t5 Low Poly Playground/Characters/FBXs/Female Playground.fbx
  artifactKey: Guid(bb206b7feb9ae85408ce4d8b3ec714e2) Importer(815301076,1909f56bfc062723c751e8b465ee728b)
Start importing Assets/9t5 Low Poly Playground/Characters/FBXs/Female Playground.fbx using Guid(bb206b7feb9ae85408ce4d8b3ec714e2) Importer(815301076,1909f56bfc062723c751e8b465ee728b)  -> (artifact id: 'd399dc9f94d9ce6e1e49a8880fdfb8d9') in 0.091566 seconds
  Import took 0.118069 seconds .

========================================================================
Received Import Request.
  Time since last request: 81.775815 seconds.
  path: Assets/AurynSky/WinterArena
  artifactKey: Guid(d8e7adca3d1bf434299dad868e87d78e) Importer(815301076,1909f56bfc062723c751e8b465ee728b)
Start importing Assets/AurynSky/WinterArena using Guid(d8e7adca3d1bf434299dad868e87d78e) Importer(815301076,1909f56bfc062723c751e8b465ee728b)  -> (artifact id: '9263db48fbdb3546b77a3a171f51ceb0') in 0.002609 seconds
  Import took 0.045767 seconds .

========================================================================
Received Import Request.
  Time since last request: 0.017544 seconds.
  path: Assets/AurynSky/WinterArena
  artifactKey: Guid(d8e7adca3d1bf434299dad868e87d78e) Importer(815301076,1909f56bfc062723c751e8b465ee728b)
Start importing Assets/AurynSky/WinterArena using Guid(d8e7adca3d1bf434299dad868e87d78e) Importer(815301076,1909f56bfc062723c751e8b465ee728b)  -> (artifact id: '9263db48fbdb3546b77a3a171f51ceb0') in 0.002269 seconds
  Import took 0.005839 seconds .

========================================================================
Received Import Request.
  Time since last request: 1.028783 seconds.
  path: Assets/AurynSky/WinterArena/Animations
  artifactKey: Guid(ab53f639aae76c14f87f534d8df7c680) Importer(815301076,1909f56bfc062723c751e8b465ee728b)
Start importing Assets/AurynSky/WinterArena/Animations using Guid(ab53f639aae76c14f87f534d8df7c680) Importer(815301076,1909f56bfc062723c751e8b465ee728b)  -> (artifact id: '3386b143ee3712f6b4536984b0d22c81') in 0.018978 seconds
  Import took 0.022355 seconds .

========================================================================
Received Import Request.
  Time since last request: 1.157405 seconds.
  path: Assets/AurynSky/WinterArena/Animations/WinterChest.controller
  artifactKey: Guid(1271c5580dd5a34408d5b495e2401e86) Importer(815301076,1909f56bfc062723c751e8b465ee728b)
Start importing Assets/AurynSky/WinterArena/Animations/WinterChest.controller using Guid(1271c5580dd5a34408d5b495e2401e86) Importer(815301076,1909f56bfc062723c751e8b465ee728b)  -> (artifact id: '899914f693ef8ebc364352c5e0749ae6') in 0.014328 seconds
  Import took 0.038387 seconds .

========================================================================
Received Import Request.
  Time since last request: 0.027077 seconds.
  path: Assets/AurynSky/WinterArena/Animations/WinterChest.controller
  artifactKey: Guid(1271c5580dd5a34408d5b495e2401e86) Importer(815301076,1909f56bfc062723c751e8b465ee728b)
Start importing Assets/AurynSky/WinterArena/Animations/WinterChest.controller using Guid(1271c5580dd5a34408d5b495e2401e86) Importer(815301076,1909f56bfc062723c751e8b465ee728b)  -> (artifact id: '899914f693ef8ebc364352c5e0749ae6') in 0.003933 seconds
  Import took 0.007371 seconds .

========================================================================
Received Import Request.
  Time since last request: 1.223494 seconds.
  path: Assets/AurynSky/WinterArena/Animations/WinterBannerAnim.controller
  artifactKey: Guid(d9de44bc41355ca4f900da12674a1232) Importer(815301076,1909f56bfc062723c751e8b465ee728b)
Start importing Assets/AurynSky/WinterArena/Animations/WinterBannerAnim.controller using Guid(d9de44bc41355ca4f900da12674a1232) Importer(815301076,1909f56bfc062723c751e8b465ee728b)  -> (artifact id: '0597b266f73abec38afd22712b8bdec5') in 0.004371 seconds
  Import took 0.007917 seconds .

========================================================================
Received Import Request.
  Time since last request: 3.358223 seconds.
  path: Assets/AurynSky/WinterArena/Materials/ColorPaletteBLUE.mat
  artifactKey: Guid(d48fde4f6910c39499e7227696d40269) Importer(815301076,1909f56bfc062723c751e8b465ee728b)
Start importing Assets/AurynSky/WinterArena/Materials/ColorPaletteBLUE.mat using Guid(d48fde4f6910c39499e7227696d40269) Importer(815301076,1909f56bfc062723c751e8b465ee728b)  -> (artifact id: '520612f4feb39b925a308a4576ab7a23') in 0.122418 seconds
  Import took 0.149201 seconds .

========================================================================
Received Import Request.
  Time since last request: 0.000480 seconds.
  path: Assets/AurynSky/WinterArena/Materials/ColorPaletteRED.mat
  artifactKey: Guid(f0bf8b700c31a6544a6cdf22b191f71f) Importer(815301076,1909f56bfc062723c751e8b465ee728b)
Start importing Assets/AurynSky/WinterArena/Materials/ColorPaletteRED.mat using Guid(f0bf8b700c31a6544a6cdf22b191f71f) Importer(815301076,1909f56bfc062723c751e8b465ee728b)  -> (artifact id: '24e447709f3d0ef6322501223646a685') in 0.031171 seconds
  Import took 0.061441 seconds .

========================================================================
Received Import Request.
  Time since last request: 0.000510 seconds.
  path: Assets/AurynSky/WinterArena/Materials/ColorPaletteNormal.mat
  artifactKey: Guid(a289c7f765c09e74186a09dce58104d5) Importer(815301076,1909f56bfc062723c751e8b465ee728b)
Start importing Assets/AurynSky/WinterArena/Materials/ColorPaletteNormal.mat using Guid(a289c7f765c09e74186a09dce58104d5) Importer(815301076,1909f56bfc062723c751e8b465ee728b)  -> (artifact id: '5b87911975e7f640c86b72fd91322902') in 0.030866 seconds
  Import took 0.064406 seconds .

========================================================================
Received Import Request.
  Time since last request: 0.000444 seconds.
  path: Assets/AurynSky/WinterArena/Materials/ShowCaseMaterial.mat
  artifactKey: Guid(e4339b6f90f698949a760fe395d3c983) Importer(815301076,1909f56bfc062723c751e8b465ee728b)
Start importing Assets/AurynSky/WinterArena/Materials/ShowCaseMaterial.mat using Guid(e4339b6f90f698949a760fe395d3c983) Importer(815301076,1909f56bfc062723c751e8b465ee728b)  -> (artifact id: 'e7a4b87173d0e5e1dcafffecddf384ed') in 0.010878 seconds
  Import took 0.041280 seconds .

========================================================================
Received Import Request.
  Time since last request: 1.395541 seconds.
  path: Assets/AurynSky/WinterArena/Models/BannerHolder.fbx
  artifactKey: Guid(16645dea5f57ecb4d816b8dcf5050545) Importer(815301076,1909f56bfc062723c751e8b465ee728b)
Start importing Assets/AurynSky/WinterArena/Models/BannerHolder.fbx using Guid(16645dea5f57ecb4d816b8dcf5050545) Importer(815301076,1909f56bfc062723c751e8b465ee728b)  -> (artifact id: '202f39739ba9a022153ad0e6caeaffe7') in 0.020926 seconds
  Import took 0.057157 seconds .

========================================================================
Received Import Request.
  Time since last request: 0.000507 seconds.
  path: Assets/AurynSky/WinterArena/Models/SnowLine.fbx
  artifactKey: Guid(e51a4b17b643e1b4cb72f15cde8b9b00) Importer(815301076,1909f56bfc062723c751e8b465ee728b)
Start importing Assets/AurynSky/WinterArena/Models/SnowLine.fbx using Guid(e51a4b17b643e1b4cb72f15cde8b9b00) Importer(815301076,1909f56bfc062723c751e8b465ee728b)  -> (artifact id: '31e9391cdccd78a89f2df4720d3d50a8') in 0.023026 seconds
  Import took 0.053576 seconds .

========================================================================
Received Import Request.
  Time since last request: 0.000552 seconds.
  path: Assets/AurynSky/WinterArena/Models/SnowPile.fbx
  artifactKey: Guid(3d589e666a18cef4b82a62ed67cf75a1) Importer(815301076,1909f56bfc062723c751e8b465ee728b)
Start importing Assets/AurynSky/WinterArena/Models/SnowPile.fbx using Guid(3d589e666a18cef4b82a62ed67cf75a1) Importer(815301076,1909f56bfc062723c751e8b465ee728b)  -> (artifact id: 'e29ea7533e48d1be9a8e2dd3cecbce65') in 0.023695 seconds
  Import took 0.041336 seconds .

========================================================================
Received Import Request.
  Time since last request: 0.000461 seconds.
  path: Assets/AurynSky/WinterArena/Models/WinterCastle.fbx
  artifactKey: Guid(505c98fb2ff991b419e21527526a2d07) Importer(815301076,1909f56bfc062723c751e8b465ee728b)
Start importing Assets/AurynSky/WinterArena/Models/WinterCastle.fbx using Guid(505c98fb2ff991b419e21527526a2d07) Importer(815301076,1909f56bfc062723c751e8b465ee728b)  -> (artifact id: 'd46f7c03e651f9ce0b2ce07050ccd28d') in 0.046987 seconds
  Import took 0.074763 seconds .

========================================================================
Received Import Request.
  Time since last request: 0.000855 seconds.
  path: Assets/AurynSky/WinterArena/Models/WinterCannonBall_v2.fbx
  artifactKey: Guid(02cfb312cd8763245af07555f4e84555) Importer(815301076,1909f56bfc062723c751e8b465ee728b)
Start importing Assets/AurynSky/WinterArena/Models/WinterCannonBall_v2.fbx using Guid(02cfb312cd8763245af07555f4e84555) Importer(815301076,1909f56bfc062723c751e8b465ee728b)  -> (artifact id: '74fd65a90f8c96cb817d79b680a8543c') in 0.021056 seconds
  Import took 0.024668 seconds .

========================================================================
Received Import Request.
  Time since last request: 0.000470 seconds.
  path: Assets/AurynSky/WinterArena/Models/SnowCorner_Short.fbx
  artifactKey: Guid(56b8d1ddbc4264c48935f36e010ebb64) Importer(815301076,1909f56bfc062723c751e8b465ee728b)
Start importing Assets/AurynSky/WinterArena/Models/SnowCorner_Short.fbx using Guid(56b8d1ddbc4264c48935f36e010ebb64) Importer(815301076,1909f56bfc062723c751e8b465ee728b)  -> (artifact id: '2295254998a9162c941a35043f4ab863') in 0.043176 seconds
  Import took 0.059765 seconds .

========================================================================
Received Import Request.
  Time since last request: 0.000467 seconds.
  path: Assets/AurynSky/WinterArena/Models/WinterCastleDoor_L.fbx
  artifactKey: Guid(8f4da04830729654296c27d043875c6b) Importer(815301076,1909f56bfc062723c751e8b465ee728b)
Start importing Assets/AurynSky/WinterArena/Models/WinterCastleDoor_L.fbx using Guid(8f4da04830729654296c27d043875c6b) Importer(815301076,1909f56bfc062723c751e8b465ee728b)  -> (artifact id: '7443f07dae4af1f50441e6b412582a84') in 0.023341 seconds
  Import took 0.027058 seconds .

========================================================================
Received Import Request.
  Time since last request: 0.000520 seconds.
  path: Assets/AurynSky/WinterArena/Models/WinterBridge_Section.fbx
  artifactKey: Guid(4fe47052fe4d4434da8e9bd6104dc23c) Importer(815301076,1909f56bfc062723c751e8b465ee728b)
Start importing Assets/AurynSky/WinterArena/Models/WinterBridge_Section.fbx using Guid(4fe47052fe4d4434da8e9bd6104dc23c) Importer(815301076,1909f56bfc062723c751e8b465ee728b)  -> (artifact id: 'dd343ae922d2306c0f6ce8722873d9d9') in 0.021141 seconds
  Import took 0.031586 seconds .

========================================================================
Received Import Request.
  Time since last request: 0.000467 seconds.
  path: Assets/AurynSky/WinterArena/Models/SnowLine_v2.fbx
  artifactKey: Guid(37973dfa0f3988f49ba283bd9076dbce) Importer(815301076,1909f56bfc062723c751e8b465ee728b)
Start importing Assets/AurynSky/WinterArena/Models/SnowLine_v2.fbx using Guid(37973dfa0f3988f49ba283bd9076dbce) Importer(815301076,1909f56bfc062723c751e8b465ee728b)  -> (artifact id: '1c5bd37a713274bbf22dd1137f999d11') in 0.023569 seconds
  Import took 0.038851 seconds .

========================================================================
Received Import Request.
  Time since last request: 0.000487 seconds.
  path: Assets/AurynSky/WinterArena/Models/Tower_W.fbx
  artifactKey: Guid(c73dae5f4a5c46a44b41456bf30328c4) Importer(815301076,1909f56bfc062723c751e8b465ee728b)
Start importing Assets/AurynSky/WinterArena/Models/Tower_W.fbx using Guid(c73dae5f4a5c46a44b41456bf30328c4) Importer(815301076,1909f56bfc062723c751e8b465ee728b)  -> (artifact id: 'f301ef925fe89eaeb9b7968986af019a') in 0.024568 seconds
  Import took 0.037348 seconds .

========================================================================
Received Import Request.
  Time since last request: 0.000495 seconds.
  path: Assets/AurynSky/WinterArena/Models/WinterChestBottom_v2.fbx
  artifactKey: Guid(8223cded31394424ab47abd1fd6a2873) Importer(815301076,1909f56bfc062723c751e8b465ee728b)
Start importing Assets/AurynSky/WinterArena/Models/WinterChestBottom_v2.fbx using Guid(8223cded31394424ab47abd1fd6a2873) Importer(815301076,1909f56bfc062723c751e8b465ee728b)  -> (artifact id: 'f8fe69df8814d2fd2a793d32ca9f1de4') in 0.020470 seconds
  Import took 0.025601 seconds .

========================================================================
Received Import Request.
  Time since last request: 0.000463 seconds.
  path: Assets/AurynSky/WinterArena/Models/WinterCastleWindow_v2.fbx
  artifactKey: Guid(c4d02b46eb54340419e128b1878e70ee) Importer(815301076,1909f56bfc062723c751e8b465ee728b)
Start importing Assets/AurynSky/WinterArena/Models/WinterCastleWindow_v2.fbx using Guid(c4d02b46eb54340419e128b1878e70ee) Importer(815301076,1909f56bfc062723c751e8b465ee728b)  -> (artifact id: 'bf700390e0a3c8f8ced135ec6fc50095') in 0.023586 seconds
  Import took 0.027983 seconds .

========================================================================
Received Import Request.
  Time since last request: 0.000435 seconds.
  path: Assets/AurynSky/WinterArena/Models/WinterBarrel.fbx
  artifactKey: Guid(2fffe8a0a31ac1442a97ca48d6a53476) Importer(815301076,1909f56bfc062723c751e8b465ee728b)
Start importing Assets/AurynSky/WinterArena/Models/WinterBarrel.fbx using Guid(2fffe8a0a31ac1442a97ca48d6a53476) Importer(815301076,1909f56bfc062723c751e8b465ee728b)  -> (artifact id: '12cd2b13148dc9acc5c8770f3b2fc5d9') in 0.024586 seconds
  Import took 0.028555 seconds .

========================================================================
Received Import Request.
  Time since last request: 0.000445 seconds.
  path: Assets/AurynSky/WinterArena/Models/WinterCubeLarge.fbx
  artifactKey: Guid(8d1071aeff695a44aa0cab916ebf18b7) Importer(815301076,1909f56bfc062723c751e8b465ee728b)
Start importing Assets/AurynSky/WinterArena/Models/WinterCubeLarge.fbx using Guid(8d1071aeff695a44aa0cab916ebf18b7) Importer(815301076,1909f56bfc062723c751e8b465ee728b)  -> (artifact id: 'aec8ef01b9c51ba1f433387613ae8e2b') in 0.021198 seconds
  Import took 0.048661 seconds .

========================================================================
Received Import Request.
  Time since last request: 0.000435 seconds.
  path: Assets/AurynSky/WinterArena/Models/WinterCastle_v2.fbx
  artifactKey: Guid(648498381b2b86740b13fcd28c3e047e) Importer(815301076,1909f56bfc062723c751e8b465ee728b)
Start importing Assets/AurynSky/WinterArena/Models/WinterCastle_v2.fbx using Guid(648498381b2b86740b13fcd28c3e047e) Importer(815301076,1909f56bfc062723c751e8b465ee728b)  -> (artifact id: '6ea0d00e6d5fe96ac6950fa1be02f4f8') in 0.022111 seconds
  Import took 0.026392 seconds .

========================================================================
Received Import Request.
  Time since last request: 0.000509 seconds.
  path: Assets/AurynSky/WinterArena/Models/Shovel.fbx
  artifactKey: Guid(4ae327ac4fdca834f8e5130823945892) Importer(815301076,1909f56bfc062723c751e8b465ee728b)
Start importing Assets/AurynSky/WinterArena/Models/Shovel.fbx using Guid(4ae327ac4fdca834f8e5130823945892) Importer(815301076,1909f56bfc062723c751e8b465ee728b)  -> (artifact id: '63935576a3fc578c357dc9872594ee50') in 0.023532 seconds
  Import took 0.027271 seconds .

========================================================================
Received Import Request.
  Time since last request: 0.000500 seconds.
  path: Assets/AurynSky/WinterArena/Models/WinterBanner.fbx
  artifactKey: Guid(56a61d61b962fb64ca53771164173483) Importer(815301076,1909f56bfc062723c751e8b465ee728b)
Start importing Assets/AurynSky/WinterArena/Models/WinterBanner.fbx using Guid(56a61d61b962fb64ca53771164173483) Importer(815301076,1909f56bfc062723c751e8b465ee728b)  -> (artifact id: '8081592be9a797430761552210e5f66e') in 0.032358 seconds
  Import took 0.072430 seconds .

========================================================================
Received Import Request.
  Time since last request: 0.000424 seconds.
  path: Assets/AurynSky/WinterArena/Models/WinterCastleWindow.fbx
  artifactKey: Guid(e72cd5d9ca8a31c439d64409a820e614) Importer(815301076,1909f56bfc062723c751e8b465ee728b)
Start importing Assets/AurynSky/WinterArena/Models/WinterCastleWindow.fbx using Guid(e72cd5d9ca8a31c439d64409a820e614) Importer(815301076,1909f56bfc062723c751e8b465ee728b)  -> (artifact id: '342196e1bd815bba37afe77800f8af97') in 0.035524 seconds
  Import took 0.039099 seconds .

========================================================================
Received Import Request.
  Time since last request: 0.000405 seconds.
  path: Assets/AurynSky/WinterArena/Models/WinterCastleDoor_R.fbx
  artifactKey: Guid(3995bf63cdc77a049b62ba2709f69583) Importer(815301076,1909f56bfc062723c751e8b465ee728b)
Start importing Assets/AurynSky/WinterArena/Models/WinterCastleDoor_R.fbx using Guid(3995bf63cdc77a049b62ba2709f69583) Importer(815301076,1909f56bfc062723c751e8b465ee728b)  -> (artifact id: 'e498b478e16ed4320adec3feab10ac5c') in 0.020738 seconds
  Import took 0.032122 seconds .

========================================================================
Received Import Request.
  Time since last request: 0.000450 seconds.
  path: Assets/AurynSky/WinterArena/Models/Tower_Window_W.fbx
  artifactKey: Guid(d6c683f8e24767f4b82c6bc522ffc048) Importer(815301076,1909f56bfc062723c751e8b465ee728b)
Start importing Assets/AurynSky/WinterArena/Models/Tower_Window_W.fbx using Guid(d6c683f8e24767f4b82c6bc522ffc048) Importer(815301076,1909f56bfc062723c751e8b465ee728b)  -> (artifact id: '6c50a02f6d7647a654d83cb1ec22edc2') in 0.021056 seconds
  Import took 0.031523 seconds .

========================================================================
Received Import Request.
  Time since last request: 0.000660 seconds.
  path: Assets/AurynSky/WinterArena/Models/SnowEnd.fbx
  artifactKey: Guid(b0afcbbf94f580d49bb606b0d50b7f2c) Importer(815301076,1909f56bfc062723c751e8b465ee728b)
Start importing Assets/AurynSky/WinterArena/Models/SnowEnd.fbx using Guid(b0afcbbf94f580d49bb606b0d50b7f2c) Importer(815301076,1909f56bfc062723c751e8b465ee728b)  -> (artifact id: '7b05b801bd74c0889173ab825b7c7cee') in 0.038239 seconds
  Import took 0.041896 seconds .

========================================================================
Received Import Request.
  Time since last request: 0.000461 seconds.
  path: Assets/AurynSky/WinterArena/Models/WinterChestTop.fbx
  artifactKey: Guid(14550da5557e9a149b02ae88b5accbb4) Importer(815301076,1909f56bfc062723c751e8b465ee728b)
Start importing Assets/AurynSky/WinterArena/Models/WinterChestTop.fbx using Guid(14550da5557e9a149b02ae88b5accbb4) Importer(815301076,1909f56bfc062723c751e8b465ee728b)  -> (artifact id: '562f27e1ac9021a1d7b7f59561abdd8b') in 0.020881 seconds
  Import took 0.059014 seconds .

========================================================================
Received Import Request.
  Time since last request: 0.000436 seconds.
  path: Assets/AurynSky/WinterArena/Models/WinterCatapultWheel_v2.fbx
  artifactKey: Guid(128b7ab7790e5654d89fb88d7769d284) Importer(815301076,1909f56bfc062723c751e8b465ee728b)
Start importing Assets/AurynSky/WinterArena/Models/WinterCatapultWheel_v2.fbx using Guid(128b7ab7790e5654d89fb88d7769d284) Importer(815301076,1909f56bfc062723c751e8b465ee728b)  -> (artifact id: '0cbc02b766045e0f545aeeed3f48e463') in 0.023725 seconds
  Import took 0.073954 seconds .

========================================================================
Received Import Request.
  Time since last request: 0.000515 seconds.
  path: Assets/AurynSky/WinterArena/Models/WinterCannonBall.fbx
  artifactKey: Guid(3ac86b5d48b1c49478cdc2d039a1d595) Importer(815301076,1909f56bfc062723c751e8b465ee728b)
Start importing Assets/AurynSky/WinterArena/Models/WinterCannonBall.fbx using Guid(3ac86b5d48b1c49478cdc2d039a1d595) Importer(815301076,1909f56bfc062723c751e8b465ee728b)  -> (artifact id: '786e470a2242b67cb6fc15d7e4923503') in 0.023551 seconds
  Import took 0.055360 seconds .

========================================================================
Received Import Request.
  Time since last request: 0.000472 seconds.
  path: Assets/AurynSky/WinterArena/Models/Flag.fbx
  artifactKey: Guid(5e7fd0079fd82004f9860bf4619d8cca) Importer(815301076,1909f56bfc062723c751e8b465ee728b)
Start importing Assets/AurynSky/WinterArena/Models/Flag.fbx using Guid(5e7fd0079fd82004f9860bf4619d8cca) Importer(815301076,1909f56bfc062723c751e8b465ee728b)  -> (artifact id: 'cf473a23ac28585decf39a3cf15f5595') in 0.034032 seconds
  Import took 0.038495 seconds .

========================================================================
Received Import Request.
  Time since last request: 0.000383 seconds.
  path: Assets/AurynSky/WinterArena/Models/WinterCatapultArm_v2.fbx
  artifactKey: Guid(5cfaeb9cc4d0f2949a8144cade6f16e2) Importer(815301076,1909f56bfc062723c751e8b465ee728b)
Start importing Assets/AurynSky/WinterArena/Models/WinterCatapultArm_v2.fbx using Guid(5cfaeb9cc4d0f2949a8144cade6f16e2) Importer(815301076,1909f56bfc062723c751e8b465ee728b)  -> (artifact id: '785cc2247e1df0c052b63c0b14ff63dc') in 0.022398 seconds
  Import took 0.042886 seconds .

========================================================================
Received Import Request.
  Time since last request: 0.000427 seconds.
  path: Assets/AurynSky/WinterArena/Models/WinterChestTop_v3.fbx
  artifactKey: Guid(979d95966ee53d347ad6cd450b4dd0b3) Importer(815301076,1909f56bfc062723c751e8b465ee728b)
Start importing Assets/AurynSky/WinterArena/Models/WinterChestTop_v3.fbx using Guid(979d95966ee53d347ad6cd450b4dd0b3) Importer(815301076,1909f56bfc062723c751e8b465ee728b)  -> (artifact id: '9f6dcc50cfd683f61b5ee32d4d9a175e') in 0.021451 seconds
  Import took 0.026416 seconds .

========================================================================
Received Import Request.
  Time since last request: 0.000360 seconds.
  path: Assets/AurynSky/WinterArena/Models/WinterCrate.fbx
  artifactKey: Guid(52162aba1a45ec94c9c25f23c36267f9) Importer(815301076,1909f56bfc062723c751e8b465ee728b)
Start importing Assets/AurynSky/WinterArena/Models/WinterCrate.fbx using Guid(52162aba1a45ec94c9c25f23c36267f9) Importer(815301076,1909f56bfc062723c751e8b465ee728b)  -> (artifact id: '57a01058d449250a9e7e7554f3b24903') in 0.022862 seconds
  Import took 0.036314 seconds .

========================================================================
Received Import Request.
  Time since last request: 0.000417 seconds.
  path: Assets/AurynSky/WinterArena/Models/WinterBridgeWide_Section.fbx
  artifactKey: Guid(6984731c87dc9ff4684710de4974343a) Importer(815301076,1909f56bfc062723c751e8b465ee728b)
Start importing Assets/AurynSky/WinterArena/Models/WinterBridgeWide_Section.fbx using Guid(6984731c87dc9ff4684710de4974343a) Importer(815301076,1909f56bfc062723c751e8b465ee728b)  -> (artifact id: 'ee5f392e2c2995e14b55494ea275571b') in 0.024396 seconds
  Import took 0.049129 seconds .

========================================================================
Received Import Request.
  Time since last request: 0.000427 seconds.
  path: Assets/AurynSky/WinterArena/Models/WinterCoin.fbx
  artifactKey: Guid(d56b202810e8da14c95841afa026cd52) Importer(815301076,1909f56bfc062723c751e8b465ee728b)
Start importing Assets/AurynSky/WinterArena/Models/WinterCoin.fbx using Guid(d56b202810e8da14c95841afa026cd52) Importer(815301076,1909f56bfc062723c751e8b465ee728b)  -> (artifact id: '3e0d8fa303980547a00067d90cfb58d8') in 0.023115 seconds
  Import took 0.047351 seconds .

========================================================================
Received Import Request.
  Time since last request: 0.000387 seconds.
  path: Assets/AurynSky/WinterArena/Models/WinterCatapultArm.fbx
  artifactKey: Guid(17137958679cebd48a0e0fac024b24e4) Importer(815301076,1909f56bfc062723c751e8b465ee728b)
Start importing Assets/AurynSky/WinterArena/Models/WinterCatapultArm.fbx using Guid(17137958679cebd48a0e0fac024b24e4) Importer(815301076,1909f56bfc062723c751e8b465ee728b)  -> (artifact id: '84da217dc5482aadb213939ee63763f5') in 0.023367 seconds
  Import took 0.027764 seconds .

========================================================================
Received Import Request.
  Time since last request: 0.000424 seconds.
  path: Assets/AurynSky/WinterArena/Models/WinterCatapultWheel.fbx
  artifactKey: Guid(41c1d6b0e7c0b884fa2018d178c70433) Importer(815301076,1909f56bfc062723c751e8b465ee728b)
Start importing Assets/AurynSky/WinterArena/Models/WinterCatapultWheel.fbx using Guid(41c1d6b0e7c0b884fa2018d178c70433) Importer(815301076,1909f56bfc062723c751e8b465ee728b)  -> (artifact id: '6ea75c0989e09888c6266a2ddc80e2e4') in 0.023903 seconds
  Import took 0.028753 seconds .

========================================================================
Received Import Request.
  Time since last request: 0.000484 seconds.
  path: Assets/AurynSky/WinterArena/Models/SnowPile_v2.fbx
  artifactKey: Guid(8f4df8118466c81408568d777ac8f055) Importer(815301076,1909f56bfc062723c751e8b465ee728b)
Start importing Assets/AurynSky/WinterArena/Models/SnowPile_v2.fbx using Guid(8f4df8118466c81408568d777ac8f055) Importer(815301076,1909f56bfc062723c751e8b465ee728b)  -> (artifact id: '772a9d7470743dba9090552d1300616e') in 0.022444 seconds
  Import took 0.029772 seconds .

========================================================================
Received Import Request.
  Time since last request: 0.000517 seconds.
  path: Assets/AurynSky/WinterArena/Models/SnowEnd_v2.fbx
  artifactKey: Guid(25a7a2e0e4b37e845b922aa6deab4d69) Importer(815301076,1909f56bfc062723c751e8b465ee728b)
Start importing Assets/AurynSky/WinterArena/Models/SnowEnd_v2.fbx using Guid(25a7a2e0e4b37e845b922aa6deab4d69) Importer(815301076,1909f56bfc062723c751e8b465ee728b)  -> (artifact id: '5db4e50836c6695da465d06792840eea') in 0.037216 seconds
  Import took 0.042623 seconds .

========================================================================
Received Import Request.
  Time since last request: 0.000544 seconds.
  path: Assets/AurynSky/WinterArena/Models/WinterCastleDoor_v2_L.fbx
  artifactKey: Guid(b2b17b721926dcb4a9d55f03151c8b22) Importer(815301076,1909f56bfc062723c751e8b465ee728b)
Start importing Assets/AurynSky/WinterArena/Models/WinterCastleDoor_v2_L.fbx using Guid(b2b17b721926dcb4a9d55f03151c8b22) Importer(815301076,1909f56bfc062723c751e8b465ee728b)  -> (artifact id: 'f736db1bbcf63fbca46a2b9ac8b3d348') in 0.022721 seconds
  Import took 0.027918 seconds .

========================================================================
Received Import Request.
  Time since last request: 0.000459 seconds.
  path: Assets/AurynSky/WinterArena/Models/BannerHolder_v2.fbx
  artifactKey: Guid(4168370b6320ade4eb4cf642f01a10e2) Importer(815301076,1909f56bfc062723c751e8b465ee728b)
Start importing Assets/AurynSky/WinterArena/Models/BannerHolder_v2.fbx using Guid(4168370b6320ade4eb4cf642f01a10e2) Importer(815301076,1909f56bfc062723c751e8b465ee728b)  -> (artifact id: 'c4297f3adc6b498c949bf18df6caeb94') in 0.020602 seconds
  Import took 0.066377 seconds .

========================================================================
Received Import Request.
  Time since last request: 0.000509 seconds.
  path: Assets/AurynSky/WinterArena/Models/WinterCatapultSki.fbx
  artifactKey: Guid(9040094e8183088489935f9f6d6a6bc5) Importer(815301076,1909f56bfc062723c751e8b465ee728b)
Start importing Assets/AurynSky/WinterArena/Models/WinterCatapultSki.fbx using Guid(9040094e8183088489935f9f6d6a6bc5) Importer(815301076,1909f56bfc062723c751e8b465ee728b)  -> (artifact id: '5957f010c0d9f8d73d05911cb37a6d9a') in 0.023481 seconds
  Import took 0.042441 seconds .

========================================================================
Received Import Request.
  Time since last request: 0.000488 seconds.
  path: Assets/AurynSky/WinterArena/Models/SnowCorner.fbx
  artifactKey: Guid(c09aee234eb4c264983466aa6fe75c41) Importer(815301076,1909f56bfc062723c751e8b465ee728b)
Start importing Assets/AurynSky/WinterArena/Models/SnowCorner.fbx using Guid(c09aee234eb4c264983466aa6fe75c41) Importer(815301076,1909f56bfc062723c751e8b465ee728b)  -> (artifact id: 'bfa08c31ba49b8b0546fe5f63f6f85ad') in 0.021931 seconds
  Import took 0.026213 seconds .

========================================================================
Received Import Request.
  Time since last request: 0.000497 seconds.
  path: Assets/AurynSky/WinterArena/Models/WinterCatapultBase.fbx
  artifactKey: Guid(e2de28b2bb15f6d4f970ab17be6b9cd3) Importer(815301076,1909f56bfc062723c751e8b465ee728b)
Start importing Assets/AurynSky/WinterArena/Models/WinterCatapultBase.fbx using Guid(e2de28b2bb15f6d4f970ab17be6b9cd3) Importer(815301076,1909f56bfc062723c751e8b465ee728b)  -> (artifact id: '350f96cafcfb67ea30d8641db6c6ec8f') in 0.022781 seconds
  Import took 0.036274 seconds .

========================================================================
Received Import Request.
  Time since last request: 0.000503 seconds.
  path: Assets/AurynSky/WinterArena/Models/WinterBrazier.fbx
  artifactKey: Guid(4156a4f102566af40af7101768132060) Importer(815301076,1909f56bfc062723c751e8b465ee728b)
Start importing Assets/AurynSky/WinterArena/Models/WinterBrazier.fbx using Guid(4156a4f102566af40af7101768132060) Importer(815301076,1909f56bfc062723c751e8b465ee728b)  -> (artifact id: 'b1c660a6a2e5eb01dbd4473ff89aefe9') in 0.021329 seconds
  Import took 0.024862 seconds .

========================================================================
Received Import Request.
  Time since last request: 0.000483 seconds.
  path: Assets/AurynSky/WinterArena/Models/WinterChestBottom.fbx
  artifactKey: Guid(442d058830f1abb4a80196d11a3c9659) Importer(815301076,1909f56bfc062723c751e8b465ee728b)
Start importing Assets/AurynSky/WinterArena/Models/WinterChestBottom.fbx using Guid(442d058830f1abb4a80196d11a3c9659) Importer(815301076,1909f56bfc062723c751e8b465ee728b)  -> (artifact id: '918080db09f4f7b9fe40637b79d0d4f6') in 0.023929 seconds
  Import took 0.034702 seconds .

========================================================================
Received Import Request.
  Time since last request: 0.000474 seconds.
  path: Assets/AurynSky/WinterArena/Models/SnowCorner_v2.fbx
  artifactKey: Guid(47bfee777d4120a409c6a7536e167684) Importer(815301076,1909f56bfc062723c751e8b465ee728b)
Start importing Assets/AurynSky/WinterArena/Models/SnowCorner_v2.fbx using Guid(47bfee777d4120a409c6a7536e167684) Importer(815301076,1909f56bfc062723c751e8b465ee728b)  -> (artifact id: '6ea780a4c2883cb838c5617dec7d9028') in 0.044278 seconds
  Import took 0.049397 seconds .

========================================================================
Received Import Request.
  Time since last request: 0.000486 seconds.
  path: Assets/AurynSky/WinterArena/Models/SnowCorner_v3.fbx
  artifactKey: Guid(2e70aebc2e50b71409acfef0edbfd119) Importer(815301076,1909f56bfc062723c751e8b465ee728b)
Start importing Assets/AurynSky/WinterArena/Models/SnowCorner_v3.fbx using Guid(2e70aebc2e50b71409acfef0edbfd119) Importer(815301076,1909f56bfc062723c751e8b465ee728b)  -> (artifact id: 'd787bf3926088f29afd0d691fbadc91f') in 0.026068 seconds
  Import took 0.059600 seconds .

========================================================================
Received Import Request.
  Time since last request: 0.000428 seconds.
  path: Assets/AurynSky/WinterArena/Models/Castle_W.fbx
  artifactKey: Guid(bdae19fad075d0a44ab72d7344b3fdd1) Importer(815301076,1909f56bfc062723c751e8b465ee728b)
Start importing Assets/AurynSky/WinterArena/Models/Castle_W.fbx using Guid(bdae19fad075d0a44ab72d7344b3fdd1) Importer(815301076,1909f56bfc062723c751e8b465ee728b)  -> (artifact id: '058125e4232816ba761f79e87d2da6f1') in 0.024063 seconds
  Import took 0.029016 seconds .

========================================================================
Received Import Request.
  Time since last request: 0.000448 seconds.
  path: Assets/AurynSky/WinterArena/Models/FlagPole.fbx
  artifactKey: Guid(b1fccda3ec0dee645894bfec54757496) Importer(815301076,1909f56bfc062723c751e8b465ee728b)
Start importing Assets/AurynSky/WinterArena/Models/FlagPole.fbx using Guid(b1fccda3ec0dee645894bfec54757496) Importer(815301076,1909f56bfc062723c751e8b465ee728b)  -> (artifact id: '4ff3a3a8f0fdfd4fbdb208f78831fcba') in 0.021524 seconds
  Import took 0.053451 seconds .

========================================================================
Received Import Request.
  Time since last request: 0.000432 seconds.
  path: Assets/AurynSky/WinterArena/Models/WinterChestBottom_v3.fbx
  artifactKey: Guid(f1317fa44d0c23a4fb20ea6077304b93) Importer(815301076,1909f56bfc062723c751e8b465ee728b)
Start importing Assets/AurynSky/WinterArena/Models/WinterChestBottom_v3.fbx using Guid(f1317fa44d0c23a4fb20ea6077304b93) Importer(815301076,1909f56bfc062723c751e8b465ee728b)  -> (artifact id: '0702bd9d142e3229038b60e211510796') in 0.023491 seconds
  Import took 0.046467 seconds .

========================================================================
Received Import Request.
  Time since last request: 0.000498 seconds.
  path: Assets/AurynSky/WinterArena/Models/WinterChestTop_v2.fbx
  artifactKey: Guid(8eae438ad6898e6468acefadc136ec8b) Importer(815301076,1909f56bfc062723c751e8b465ee728b)
Start importing Assets/AurynSky/WinterArena/Models/WinterChestTop_v2.fbx using Guid(8eae438ad6898e6468acefadc136ec8b) Importer(815301076,1909f56bfc062723c751e8b465ee728b)  -> (artifact id: '69e6813809b4e12f7a4f48f41b5ba440') in 0.022881 seconds
  Import took 0.034576 seconds .

========================================================================
Received Import Request.
  Time since last request: 0.000457 seconds.
  path: Assets/AurynSky/WinterArena/Models/WinterBrazier_v2.fbx
  artifactKey: Guid(28a336976289fb146bce57c8bb0815fc) Importer(815301076,1909f56bfc062723c751e8b465ee728b)
Start importing Assets/AurynSky/WinterArena/Models/WinterBrazier_v2.fbx using Guid(28a336976289fb146bce57c8bb0815fc) Importer(815301076,1909f56bfc062723c751e8b465ee728b)  -> (artifact id: '6416ae6cb92edf98bd1b8b8b3214f94f') in 0.023527 seconds
  Import took 0.048947 seconds .

========================================================================
Received Import Request.
  Time since last request: 0.000427 seconds.
  path: Assets/AurynSky/WinterArena/Models/WinterCastleDoor_v2_R.fbx
  artifactKey: Guid(4dcee547545fdf040ab908a253d4677b) Importer(815301076,1909f56bfc062723c751e8b465ee728b)
Start importing Assets/AurynSky/WinterArena/Models/WinterCastleDoor_v2_R.fbx using Guid(4dcee547545fdf040ab908a253d4677b) Importer(815301076,1909f56bfc062723c751e8b465ee728b)  -> (artifact id: '7e4d33c614c00e329a183b07937ddd10') in 0.020920 seconds
  Import took 0.036143 seconds .

========================================================================
Received Import Request.
  Time since last request: 1.517913 seconds.
  path: Assets/AurynSky/WinterArena/Prefabs/Fire&Smoke.prefab
  artifactKey: Guid(4a8fc365f726ad54693945c87f027798) Importer(815301076,1909f56bfc062723c751e8b465ee728b)
Start importing Assets/AurynSky/WinterArena/Prefabs/Fire&Smoke.prefab using Guid(4a8fc365f726ad54693945c87f027798) Importer(815301076,1909f56bfc062723c751e8b465ee728b)  -> (artifact id: 'e83f00105c2060714a43243c3c29cb3e') in 0.012748 seconds
  Import took 0.044653 seconds .

========================================================================
Received Import Request.
  Time since last request: 0.000463 seconds.
  path: Assets/AurynSky/WinterArena/Prefabs/WinterBarrel.prefab
  artifactKey: Guid(6bfdbfdfc7f8f5a4cb98436db660e656) Importer(815301076,1909f56bfc062723c751e8b465ee728b)
Start importing Assets/AurynSky/WinterArena/Prefabs/WinterBarrel.prefab using Guid(6bfdbfdfc7f8f5a4cb98436db660e656) Importer(815301076,1909f56bfc062723c751e8b465ee728b)  -> (artifact id: 'b2d35723c779d8e544ff40e04013f636') in 0.028594 seconds
  Import took 0.032031 seconds .

========================================================================
Received Import Request.
  Time since last request: 0.000455 seconds.
  path: Assets/AurynSky/WinterArena/Prefabs/Fire.prefab
  artifactKey: Guid(8e83fd7c6161f7943b4f5b81970ac712) Importer(815301076,1909f56bfc062723c751e8b465ee728b)
Start importing Assets/AurynSky/WinterArena/Prefabs/Fire.prefab using Guid(8e83fd7c6161f7943b4f5b81970ac712) Importer(815301076,1909f56bfc062723c751e8b465ee728b)  -> (artifact id: '52de24af23310256f375091873427932') in 0.005300 seconds
  Import took 0.019660 seconds .

========================================================================
Received Import Request.
  Time since last request: 0.000462 seconds.
  path: Assets/AurynSky/WinterArena/Prefabs/Tower_Window.prefab
  artifactKey: Guid(9d70f7cc41c41484bbf404b935f0d590) Importer(815301076,1909f56bfc062723c751e8b465ee728b)
Start importing Assets/AurynSky/WinterArena/Prefabs/Tower_Window.prefab using Guid(9d70f7cc41c41484bbf404b935f0d590) Importer(815301076,1909f56bfc062723c751e8b465ee728b)  -> (artifact id: '3146812b9dae4708817e7a814259c2cf') in 0.028258 seconds
  Import took 0.061494 seconds .

========================================================================
Received Import Request.
  Time since last request: 0.000470 seconds.
  path: Assets/AurynSky/WinterArena/Prefabs/WinterCannonBall.prefab
  artifactKey: Guid(60c499c24eeb0da40a14722f34d14373) Importer(815301076,1909f56bfc062723c751e8b465ee728b)
Start importing Assets/AurynSky/WinterArena/Prefabs/WinterCannonBall.prefab using Guid(60c499c24eeb0da40a14722f34d14373) Importer(815301076,1909f56bfc062723c751e8b465ee728b)  -> (artifact id: '071fa0fff63f73463c2f60cb2cf9a01a') in 0.030503 seconds
  Import took 0.033830 seconds .

========================================================================
Received Import Request.
  Time since last request: 0.000475 seconds.
  path: Assets/AurynSky/WinterArena/Prefabs/WinterCubeMedium.prefab
  artifactKey: Guid(7ea2dd0fb00473449b677259eba93ea2) Importer(815301076,1909f56bfc062723c751e8b465ee728b)
Start importing Assets/AurynSky/WinterArena/Prefabs/WinterCubeMedium.prefab using Guid(7ea2dd0fb00473449b677259eba93ea2) Importer(815301076,1909f56bfc062723c751e8b465ee728b)  -> (artifact id: '780fec8ce0a7749d5d92bccbf905f3ca') in 0.029356 seconds
  Import took 0.066972 seconds .

========================================================================
Received Import Request.
  Time since last request: 0.000502 seconds.
  path: Assets/AurynSky/WinterArena/Prefabs/WinterCrate_LG.prefab
  artifactKey: Guid(1ce2ab11f64c7334e9260fb81ac10a90) Importer(815301076,1909f56bfc062723c751e8b465ee728b)
Start importing Assets/AurynSky/WinterArena/Prefabs/WinterCrate_LG.prefab using Guid(1ce2ab11f64c7334e9260fb81ac10a90) Importer(815301076,1909f56bfc062723c751e8b465ee728b)  -> (artifact id: 'f23dd00f680a1124db05677a9dfb8c00') in 0.028541 seconds
  Import took 0.031971 seconds .

========================================================================
Received Import Request.
  Time since last request: 0.000469 seconds.
  path: Assets/AurynSky/WinterArena/Prefabs/WinterCoin.prefab
  artifactKey: Guid(e2e84f6ede8dc844284fe6fcfffa8e68) Importer(815301076,1909f56bfc062723c751e8b465ee728b)
Start importing Assets/AurynSky/WinterArena/Prefabs/WinterCoin.prefab using Guid(e2e84f6ede8dc844284fe6fcfffa8e68) Importer(815301076,1909f56bfc062723c751e8b465ee728b)  -> (artifact id: 'c3f3d04ef85431accf03d3f0bc402e68') in 0.028378 seconds
  Import took 0.031758 seconds .

========================================================================
Received Import Request.
  Time since last request: 0.000474 seconds.
  path: Assets/AurynSky/WinterArena/Prefabs/WinterGrass02.prefab
  artifactKey: Guid(782f8fd37bea9cc47a49c354d68d3330) Importer(815301076,1909f56bfc062723c751e8b465ee728b)
Start importing Assets/AurynSky/WinterArena/Prefabs/WinterGrass02.prefab using Guid(782f8fd37bea9cc47a49c354d68d3330) Importer(815301076,1909f56bfc062723c751e8b465ee728b)  -> (artifact id: '4ab6eac153102f5049d3ea0797dee5b3') in 0.028349 seconds
  Import took 0.074717 seconds .

========================================================================
Received Import Request.
  Time since last request: 0.000473 seconds.
  path: Assets/AurynSky/WinterArena/Prefabs/WinterCrate_MD.prefab
  artifactKey: Guid(d45e0d96dfe73c145b5cbc18a2e41084) Importer(815301076,1909f56bfc062723c751e8b465ee728b)
Start importing Assets/AurynSky/WinterArena/Prefabs/WinterCrate_MD.prefab using Guid(d45e0d96dfe73c145b5cbc18a2e41084) Importer(815301076,1909f56bfc062723c751e8b465ee728b)  -> (artifact id: 'a2967db396dec6bb7cb182b5e730bf8d') in 0.028826 seconds
  Import took 0.083912 seconds .

========================================================================
Received Import Request.
  Time since last request: 0.000484 seconds.
  path: Assets/AurynSky/WinterArena/Prefabs/Snow.prefab
  artifactKey: Guid(be5366f4dddf8ca4ebe9c7f86e0904ad) Importer(815301076,1909f56bfc062723c751e8b465ee728b)
Start importing Assets/AurynSky/WinterArena/Prefabs/Snow.prefab using Guid(be5366f4dddf8ca4ebe9c7f86e0904ad) Importer(815301076,1909f56bfc062723c751e8b465ee728b)  -> (artifact id: '972d067c6a8fb9de393d360776536f3d') in 0.005199 seconds
  Import took 0.020744 seconds .

========================================================================
Received Import Request.
  Time since last request: 0.000472 seconds.
  path: Assets/AurynSky/WinterArena/Prefabs/WinterBrazier_v2.prefab
  artifactKey: Guid(2876e03279b43b748835fd4bfeb7b602) Importer(815301076,1909f56bfc062723c751e8b465ee728b)
Start importing Assets/AurynSky/WinterArena/Prefabs/WinterBrazier_v2.prefab using Guid(2876e03279b43b748835fd4bfeb7b602) Importer(815301076,1909f56bfc062723c751e8b465ee728b)  -> (artifact id: 'f6046564e019ad9c286e507300b601b6') in 0.036608 seconds
  Import took 0.040620 seconds .

========================================================================
Received Import Request.
  Time since last request: 0.000552 seconds.
  path: Assets/AurynSky/WinterArena/Prefabs/WinterBridgeWide_Section.prefab
  artifactKey: Guid(e685212d9f39dc942b2b23c23a7a719d) Importer(815301076,1909f56bfc062723c751e8b465ee728b)
Start importing Assets/AurynSky/WinterArena/Prefabs/WinterBridgeWide_Section.prefab using Guid(e685212d9f39dc942b2b23c23a7a719d) Importer(815301076,1909f56bfc062723c751e8b465ee728b)  -> (artifact id: '1710543140aaaf83cacc67603867dd7a') in 0.031340 seconds
  Import took 0.036648 seconds .

========================================================================
Received Import Request.
  Time since last request: 0.000480 seconds.
  path: Assets/AurynSky/WinterArena/Prefabs/WinterChest_v3.prefab
  artifactKey: Guid(77fad4c36aa1492488a6bcadc342aacb) Importer(815301076,1909f56bfc062723c751e8b465ee728b)
Start importing Assets/AurynSky/WinterArena/Prefabs/WinterChest_v3.prefab using Guid(77fad4c36aa1492488a6bcadc342aacb) Importer(815301076,1909f56bfc062723c751e8b465ee728b)  -> (artifact id: 'f1094837a6ef5cfee4f8cbcc106ab19b') in 0.036241 seconds
  Import took 0.072567 seconds .

========================================================================
Received Import Request.
  Time since last request: 0.000472 seconds.
  path: Assets/AurynSky/WinterArena/Prefabs/WinterGrass04.prefab
  artifactKey: Guid(dbe32a1b9b03b2f40bd79b61157edf80) Importer(815301076,1909f56bfc062723c751e8b465ee728b)
Start importing Assets/AurynSky/WinterArena/Prefabs/WinterGrass04.prefab using Guid(dbe32a1b9b03b2f40bd79b61157edf80) Importer(815301076,1909f56bfc062723c751e8b465ee728b)  -> (artifact id: '35adab2778286fdbc84d6900550704fb') in 0.028663 seconds
  Import took 0.042928 seconds .

========================================================================
Received Import Request.
  Time since last request: 0.000496 seconds.
  path: Assets/AurynSky/WinterArena/Prefabs/WinterCatapult.prefab
  artifactKey: Guid(08ff7f927524cc8479317b762c98ce57) Importer(815301076,1909f56bfc062723c751e8b465ee728b)
Start importing Assets/AurynSky/WinterArena/Prefabs/WinterCatapult.prefab using Guid(08ff7f927524cc8479317b762c98ce57) Importer(815301076,1909f56bfc062723c751e8b465ee728b)  -> (artifact id: '9a8f8b43ddf5ad7d7454295a4ab6394b') in 0.033372 seconds
  Import took 0.069688 seconds .

========================================================================
Received Import Request.
  Time since last request: 0.000438 seconds.
  path: Assets/AurynSky/WinterArena/Prefabs/Smoke.prefab
  artifactKey: Guid(ed488ac10aefc794eb9d16dd3719e791) Importer(815301076,1909f56bfc062723c751e8b465ee728b)
Start importing Assets/AurynSky/WinterArena/Prefabs/Smoke.prefab using Guid(ed488ac10aefc794eb9d16dd3719e791) Importer(815301076,1909f56bfc062723c751e8b465ee728b)  -> (artifact id: '111b1fde3a33e681525a03d75fe4ba9b') in 0.005905 seconds
  Import took 0.009537 seconds .

========================================================================
Received Import Request.
  Time since last request: 0.000460 seconds.
  path: Assets/AurynSky/WinterArena/Prefabs/WinterChest_v2.prefab
  artifactKey: Guid(015da0ca42aad264790326f03ec99927) Importer(815301076,1909f56bfc062723c751e8b465ee728b)
Start importing Assets/AurynSky/WinterArena/Prefabs/WinterChest_v2.prefab using Guid(015da0ca42aad264790326f03ec99927) Importer(815301076,1909f56bfc062723c751e8b465ee728b)  -> (artifact id: '89921e7d0d31bd29d842d9af83aa9ffd') in 0.035150 seconds
  Import took 0.039252 seconds .

========================================================================
Received Import Request.
  Time since last request: 0.000449 seconds.
  path: Assets/AurynSky/WinterArena/Prefabs/WinterLadder.prefab
  artifactKey: Guid(d0470092e794c614385c5b06ccbddb09) Importer(815301076,1909f56bfc062723c751e8b465ee728b)
Start importing Assets/AurynSky/WinterArena/Prefabs/WinterLadder.prefab using Guid(d0470092e794c614385c5b06ccbddb09) Importer(815301076,1909f56bfc062723c751e8b465ee728b)  -> (artifact id: '39091cf1aca6c4c2fc32c4280c11cb73') in 0.031473 seconds
  Import took 0.072258 seconds .

========================================================================
Received Import Request.
  Time since last request: 0.000478 seconds.
  path: Assets/AurynSky/WinterArena/Prefabs/Shovel.prefab
  artifactKey: Guid(77960433296b2e94db1763ac885e8c70) Importer(815301076,1909f56bfc062723c751e8b465ee728b)
Start importing Assets/AurynSky/WinterArena/Prefabs/Shovel.prefab using Guid(77960433296b2e94db1763ac885e8c70) Importer(815301076,1909f56bfc062723c751e8b465ee728b)  -> (artifact id: 'eb3eece1be7993f1a51704106926e62b') in 0.031592 seconds
  Import took 0.035712 seconds .

========================================================================
Received Import Request.
  Time since last request: 0.000479 seconds.
  path: Assets/AurynSky/WinterArena/Prefabs/WinterBrazier.prefab
  artifactKey: Guid(92484f07dac8f2342af273b0bc4d24ad) Importer(815301076,1909f56bfc062723c751e8b465ee728b)
Start importing Assets/AurynSky/WinterArena/Prefabs/WinterBrazier.prefab using Guid(92484f07dac8f2342af273b0bc4d24ad) Importer(815301076,1909f56bfc062723c751e8b465ee728b)  -> (artifact id: '1532ac1739531eab7257447d192b830b') in 0.034300 seconds
  Import took 0.077357 seconds .

========================================================================
Received Import Request.
  Time since last request: 0.000566 seconds.
  path: Assets/AurynSky/WinterArena/Prefabs/WinterCrate_SM.prefab
  artifactKey: Guid(7abef2adc7c835748b443de4ed8d7585) Importer(815301076,1909f56bfc062723c751e8b465ee728b)
Start importing Assets/AurynSky/WinterArena/Prefabs/WinterCrate_SM.prefab using Guid(7abef2adc7c835748b443de4ed8d7585) Importer(815301076,1909f56bfc062723c751e8b465ee728b)  -> (artifact id: '31a49177ebfe4e4300b4f9de7e9efa61') in 0.030082 seconds
  Import took 0.033724 seconds .

========================================================================
Received Import Request.
  Time since last request: 0.000412 seconds.
  path: Assets/AurynSky/WinterArena/Prefabs/WinterCubeMedium_v2.prefab
  artifactKey: Guid(92d606e97beec3941abbdb60fc8a3f90) Importer(815301076,1909f56bfc062723c751e8b465ee728b)
Start importing Assets/AurynSky/WinterArena/Prefabs/WinterCubeMedium_v2.prefab using Guid(92d606e97beec3941abbdb60fc8a3f90) Importer(815301076,1909f56bfc062723c751e8b465ee728b)  -> (artifact id: '7c8061c162e79a75464051b8ac8266d2') in 0.031730 seconds
  Import took 0.045664 seconds .

========================================================================
Received Import Request.
  Time since last request: 0.000463 seconds.
  path: Assets/AurynSky/WinterArena/Prefabs/WinterCubeLarge_v2.prefab
  artifactKey: Guid(01dd818fb945da74490ada314c52a16e) Importer(815301076,1909f56bfc062723c751e8b465ee728b)
Start importing Assets/AurynSky/WinterArena/Prefabs/WinterCubeLarge_v2.prefab using Guid(01dd818fb945da74490ada314c52a16e) Importer(815301076,1909f56bfc062723c751e8b465ee728b)  -> (artifact id: '3a294d879bfacde5380a440bc9aa98ba') in 0.030175 seconds
  Import took 0.033802 seconds .

========================================================================
Received Import Request.
  Time since last request: 0.000389 seconds.
  path: Assets/AurynSky/WinterArena/Prefabs/WinterCatapult_Ski_v2.prefab
  artifactKey: Guid(22ff76881a1425244b56917071e6940e) Importer(815301076,1909f56bfc062723c751e8b465ee728b)
Start importing Assets/AurynSky/WinterArena/Prefabs/WinterCatapult_Ski_v2.prefab using Guid(22ff76881a1425244b56917071e6940e) Importer(815301076,1909f56bfc062723c751e8b465ee728b)  -> (artifact id: 'd59e7136c58603317c634b43edb94c50') in 0.037742 seconds
  Import took 0.050078 seconds .

========================================================================
Received Import Request.
  Time since last request: 0.000484 seconds.
  path: Assets/AurynSky/WinterArena/Prefabs/WinterGrass01.prefab
  artifactKey: Guid(f3a2edfa0cd95b043bb4f44f93320140) Importer(815301076,1909f56bfc062723c751e8b465ee728b)
Start importing Assets/AurynSky/WinterArena/Prefabs/WinterGrass01.prefab using Guid(f3a2edfa0cd95b043bb4f44f93320140) Importer(815301076,1909f56bfc062723c751e8b465ee728b)  -> (artifact id: 'e3d75ec522383f38c10ae99517596490') in 0.030090 seconds
  Import took 0.039348 seconds .

========================================================================
Received Import Request.
  Time since last request: 0.000446 seconds.
  path: Assets/AurynSky/WinterArena/Prefabs/WinterCastleDoor_R.prefab
  artifactKey: Guid(64e5026b75c226d4a8ee7eeca1a02a1d) Importer(815301076,1909f56bfc062723c751e8b465ee728b)
Start importing Assets/AurynSky/WinterArena/Prefabs/WinterCastleDoor_R.prefab using Guid(64e5026b75c226d4a8ee7eeca1a02a1d) Importer(815301076,1909f56bfc062723c751e8b465ee728b)  -> (artifact id: 'ada11ba1ab94f71f8f59fc14d0129bdf') in 0.035936 seconds
  Import took 0.039636 seconds .

========================================================================
Received Import Request.
  Time since last request: 0.000471 seconds.
  path: Assets/AurynSky/WinterArena/Prefabs/WinterCatapult_Ski.prefab
  artifactKey: Guid(98d17d9530a570342ba48ca7b5c7642b) Importer(815301076,1909f56bfc062723c751e8b465ee728b)
Start importing Assets/AurynSky/WinterArena/Prefabs/WinterCatapult_Ski.prefab using Guid(98d17d9530a570342ba48ca7b5c7642b) Importer(815301076,1909f56bfc062723c751e8b465ee728b)  -> (artifact id: '59b8162cd8c34c682b8b2686f3272660') in 0.035642 seconds
  Import took 0.039377 seconds .

========================================================================
Received Import Request.
  Time since last request: 0.000441 seconds.
  path: Assets/AurynSky/WinterArena/Prefabs/WinterLadderExtra.prefab
  artifactKey: Guid(ecc7a7b66c2705d4bb88d7a153a2b238) Importer(815301076,1909f56bfc062723c751e8b465ee728b)
Start importing Assets/AurynSky/WinterArena/Prefabs/WinterLadderExtra.prefab using Guid(ecc7a7b66c2705d4bb88d7a153a2b238) Importer(815301076,1909f56bfc062723c751e8b465ee728b)  -> (artifact id: '9a9a3df885a2d315bc22a386ef10736e') in 0.050246 seconds
  Import took 0.053757 seconds .

========================================================================
Received Import Request.
  Time since last request: 0.000520 seconds.
  path: Assets/AurynSky/WinterArena/Prefabs/WinterGrass03.prefab
  artifactKey: Guid(03b3fe9d28150e1488a66a62150bb9d9) Importer(815301076,1909f56bfc062723c751e8b465ee728b)
Start importing Assets/AurynSky/WinterArena/Prefabs/WinterGrass03.prefab using Guid(03b3fe9d28150e1488a66a62150bb9d9) Importer(815301076,1909f56bfc062723c751e8b465ee728b)  -> (artifact id: '95ea967643ea808e8c642903f55139b9') in 0.028731 seconds
  Import took 0.078050 seconds .

========================================================================
Received Import Request.
  Time since last request: 0.000405 seconds.
  path: Assets/AurynSky/WinterArena/Prefabs/WinterCastleDoor_L.prefab
  artifactKey: Guid(5c74e0faf441711409323d6f5defc5c6) Importer(815301076,1909f56bfc062723c751e8b465ee728b)
Start importing Assets/AurynSky/WinterArena/Prefabs/WinterCastleDoor_L.prefab using Guid(5c74e0faf441711409323d6f5defc5c6) Importer(815301076,1909f56bfc062723c751e8b465ee728b)  -> (artifact id: '5c335a25d9b80db4219de345e49815d1') in 0.029052 seconds
  Import took 0.054319 seconds .

========================================================================
Received Import Request.
  Time since last request: 0.000421 seconds.
  path: Assets/AurynSky/WinterArena/Prefabs/WinterBridge_Section.prefab
  artifactKey: Guid(381ac0576f313884f9fd57cdbc0b44fa) Importer(815301076,1909f56bfc062723c751e8b465ee728b)
Start importing Assets/AurynSky/WinterArena/Prefabs/WinterBridge_Section.prefab using Guid(381ac0576f313884f9fd57cdbc0b44fa) Importer(815301076,1909f56bfc062723c751e8b465ee728b)  -> (artifact id: '03f6dfc47e99d285ab87b2a17efe9c86') in 0.031766 seconds
  Import took 0.069118 seconds .

========================================================================
Received Import Request.
  Time since last request: 0.000430 seconds.
  path: Assets/AurynSky/WinterArena/Prefabs/WinterCatapult_v2.prefab
  artifactKey: Guid(e09c43c4dd9ac80499cd9faa1dfb3d63) Importer(815301076,1909f56bfc062723c751e8b465ee728b)
Start importing Assets/AurynSky/WinterArena/Prefabs/WinterCatapult_v2.prefab using Guid(e09c43c4dd9ac80499cd9faa1dfb3d63) Importer(815301076,1909f56bfc062723c751e8b465ee728b)  -> (artifact id: '79fc8fc44ef51a5ce49cecb768e111cb') in 0.037575 seconds
  Import took 0.042218 seconds .

========================================================================
Received Import Request.
  Time since last request: 0.000522 seconds.
  path: Assets/AurynSky/WinterArena/Prefabs/WinterCubeSmall_v2.prefab
  artifactKey: Guid(ea78471431e56e647980629b115f33d6) Importer(815301076,1909f56bfc062723c751e8b465ee728b)
Start importing Assets/AurynSky/WinterArena/Prefabs/WinterCubeSmall_v2.prefab using Guid(ea78471431e56e647980629b115f33d6) Importer(815301076,1909f56bfc062723c751e8b465ee728b)  -> (artifact id: '5cb7f85f483ca160e1557c3186d92e06') in 0.029669 seconds
  Import took 0.076929 seconds .

========================================================================
Received Import Request.
  Time since last request: 0.000538 seconds.
  path: Assets/AurynSky/WinterArena/Prefabs/WinterCubeSmall.prefab
  artifactKey: Guid(ca82f072d2f3d05478ee75b36046a757) Importer(815301076,1909f56bfc062723c751e8b465ee728b)
Start importing Assets/AurynSky/WinterArena/Prefabs/WinterCubeSmall.prefab using Guid(ca82f072d2f3d05478ee75b36046a757) Importer(815301076,1909f56bfc062723c751e8b465ee728b)  -> (artifact id: '194acd337dc75d250296f6fff6be9a6c') in 0.030477 seconds
  Import took 0.045841 seconds .

========================================================================
Received Import Request.
  Time since last request: 0.000645 seconds.
  path: Assets/AurynSky/WinterArena/Prefabs/WinterCannonBall_v2.prefab
  artifactKey: Guid(498ab73503f017945a0ed30144a656fd) Importer(815301076,1909f56bfc062723c751e8b465ee728b)
Start importing Assets/AurynSky/WinterArena/Prefabs/WinterCannonBall_v2.prefab using Guid(498ab73503f017945a0ed30144a656fd) Importer(815301076,1909f56bfc062723c751e8b465ee728b)  -> (artifact id: '87780ba6cd7f68c11ec4fcc8dee28ed6') in 0.036439 seconds
  Import took 0.064741 seconds .

========================================================================
Received Import Request.
  Time since last request: 0.000411 seconds.
  path: Assets/AurynSky/WinterArena/Prefabs/WinterChest.prefab
  artifactKey: Guid(115720bd171d59440b9e96d883e33e5a) Importer(815301076,1909f56bfc062723c751e8b465ee728b)
Start importing Assets/AurynSky/WinterArena/Prefabs/WinterChest.prefab using Guid(115720bd171d59440b9e96d883e33e5a) Importer(815301076,1909f56bfc062723c751e8b465ee728b)  -> (artifact id: 'b6642dc7ae8e63755e302aca48838952') in 0.035368 seconds
  Import took 0.039179 seconds .

========================================================================
Received Import Request.
  Time since last request: 0.000394 seconds.
  path: Assets/AurynSky/WinterArena/Prefabs/WinterCubeLarge.prefab
  artifactKey: Guid(dd9ef0ff88637414dacb87df33d97a63) Importer(815301076,1909f56bfc062723c751e8b465ee728b)
Start importing Assets/AurynSky/WinterArena/Prefabs/WinterCubeLarge.prefab using Guid(dd9ef0ff88637414dacb87df33d97a63) Importer(815301076,1909f56bfc062723c751e8b465ee728b)  -> (artifact id: '1ba1b89327b4adf80d0f068b426d056c') in 0.034091 seconds
  Import took 0.058366 seconds .

========================================================================
Received Import Request.
  Time since last request: 5.626945 seconds.
  path: Assets/AurynSky/WinterArena/Textures/ColorPaletteBLUE.png
  artifactKey: Guid(5c793c7bf3c86dc46a9989d74c2cd77f) Importer(815301076,1909f56bfc062723c751e8b465ee728b)
Start importing Assets/AurynSky/WinterArena/Textures/ColorPaletteBLUE.png using Guid(5c793c7bf3c86dc46a9989d74c2cd77f) Importer(815301076,1909f56bfc062723c751e8b465ee728b)  -> (artifact id: '721e74b9da2e649c9d2ab97b58fb9ca9') in 0.062836 seconds
  Import took 0.135276 seconds .

========================================================================
Received Import Request.
  Time since last request: 0.000485 seconds.
  path: Assets/AurynSky/WinterArena/Textures/CubeParticleWinter.psd
  artifactKey: Guid(313211716b59d2243a718e8adb509b55) Importer(815301076,1909f56bfc062723c751e8b465ee728b)
Start importing Assets/AurynSky/WinterArena/Textures/CubeParticleWinter.psd using Guid(313211716b59d2243a718e8adb509b55) Importer(815301076,1909f56bfc062723c751e8b465ee728b)  -> (artifact id: '25270348736a31a40ad1be98336b0b43') in 0.011084 seconds
  Import took 0.014307 seconds .

========================================================================
Received Import Request.
  Time since last request: 0.000459 seconds.
  path: Assets/AurynSky/WinterArena/Textures/ColorPaletteRED.png
  artifactKey: Guid(e2323373a4542a542ae7ac465fea8f79) Importer(815301076,1909f56bfc062723c751e8b465ee728b)
Start importing Assets/AurynSky/WinterArena/Textures/ColorPaletteRED.png using Guid(e2323373a4542a542ae7ac465fea8f79) Importer(815301076,1909f56bfc062723c751e8b465ee728b)  -> (artifact id: 'a4d0736c3fcb6bcad2e554544c29c1b6') in 0.027668 seconds
  Import took 0.052747 seconds .

========================================================================
Received Import Request.
  Time since last request: 0.000463 seconds.
  path: Assets/AurynSky/WinterArena/Textures/ColorPaletteNormal.png
  artifactKey: Guid(89a67c2bffdf27b49a6145cad9ccaf8e) Importer(815301076,1909f56bfc062723c751e8b465ee728b)
Start importing Assets/AurynSky/WinterArena/Textures/ColorPaletteNormal.png using Guid(89a67c2bffdf27b49a6145cad9ccaf8e) Importer(815301076,1909f56bfc062723c751e8b465ee728b)  -> (artifact id: 'ac0ad1fbc98643f9a533131701a655a6') in 0.026241 seconds
  Import took 0.029727 seconds .

========================================================================
Received Import Request.
  Time since last request: 0.004165 seconds.
  path: Assets/AurynSky/WinterArena/Textures/ColorPaletteRED.png
  artifactKey: Guid(e2323373a4542a542ae7ac465fea8f79) Importer(815301076,1909f56bfc062723c751e8b465ee728b)
Start importing Assets/AurynSky/WinterArena/Textures/ColorPaletteRED.png using Guid(e2323373a4542a542ae7ac465fea8f79) Importer(815301076,1909f56bfc062723c751e8b465ee728b)  -> (artifact id: 'a4d0736c3fcb6bcad2e554544c29c1b6') in 0.027393 seconds
  Import took 0.032083 seconds .

========================================================================
Received Import Request.
  Time since last request: 35.356123 seconds.
  path: Assets/EmaceArt/Free Meadows/Meshes/EA01_Env_Tree_01c.fbx
  artifactKey: Guid(b4764394da081ef4abdc0a69b1524266) Importer(815301076,1909f56bfc062723c751e8b465ee728b)
Start importing Assets/EmaceArt/Free Meadows/Meshes/EA01_Env_Tree_01c.fbx using Guid(b4764394da081ef4abdc0a69b1524266) Importer(815301076,1909f56bfc062723c751e8b465ee728b)  -> (artifact id: '98e4b5b2b53365a6983b6b14892a5397') in 0.140262 seconds
  Import took 0.156329 seconds .

========================================================================
Received Import Request.
  Time since last request: 0.000452 seconds.
  path: Assets/EmaceArt/Free Meadows/Meshes/EM_Root2b.fbx
  artifactKey: Guid(b01eb54d1a48a0143b2a817b87fd5cab) Importer(815301076,1909f56bfc062723c751e8b465ee728b)
Start importing Assets/EmaceArt/Free Meadows/Meshes/EM_Root2b.fbx using Guid(b01eb54d1a48a0143b2a817b87fd5cab) Importer(815301076,1909f56bfc062723c751e8b465ee728b)  -> (artifact id: 'c34e0779543f57b5e585a49193cbda23') in 0.047876 seconds
  Import took 0.057834 seconds .

========================================================================
Received Import Request.
  Time since last request: 0.000650 seconds.
  path: Assets/EmaceArt/Free Meadows/Meshes/EM_wood_fence3.fbx
  artifactKey: Guid(7971f9edb13c46f4d850ef0bcbc884cd) Importer(815301076,1909f56bfc062723c751e8b465ee728b)
Start importing Assets/EmaceArt/Free Meadows/Meshes/EM_wood_fence3.fbx using Guid(7971f9edb13c46f4d850ef0bcbc884cd) Importer(815301076,1909f56bfc062723c751e8b465ee728b)  -> (artifact id: '85b6ed697db1d217133fc27352122d3b') in 0.049834 seconds
  Import took 0.055622 seconds .

========================================================================
Received Import Request.
  Time since last request: 0.000500 seconds.
  path: Assets/EmaceArt/Free Meadows/Meshes/EM_Rock02c.fbx
  artifactKey: Guid(9b1c7ccfc3619d34e8413f4e712b542d) Importer(815301076,1909f56bfc062723c751e8b465ee728b)
Start importing Assets/EmaceArt/Free Meadows/Meshes/EM_Rock02c.fbx using Guid(9b1c7ccfc3619d34e8413f4e712b542d) Importer(815301076,1909f56bfc062723c751e8b465ee728b)  -> (artifact id: '6f9953bd2e723f7ba3be1e4b2362cae3') in 0.050434 seconds
  Import took 0.055137 seconds .

========================================================================
Received Import Request.
  Time since last request: 0.000615 seconds.
  path: Assets/EmaceArt/Free Meadows/Meshes/EM_rock_fence3.fbx
  artifactKey: Guid(30d9114dd6bae8e41960c43acbddbe8d) Importer(815301076,1909f56bfc062723c751e8b465ee728b)
Start importing Assets/EmaceArt/Free Meadows/Meshes/EM_rock_fence3.fbx using Guid(30d9114dd6bae8e41960c43acbddbe8d) Importer(815301076,1909f56bfc062723c751e8b465ee728b)  -> (artifact id: '4762c983119a14e4cae34d685bce66c3') in 0.044662 seconds
  Import took 0.049611 seconds .

========================================================================
Received Import Request.
  Time since last request: 0.000491 seconds.
  path: Assets/EmaceArt/Free Meadows/Meshes/EM_rock_fenceBrick_01.fbx
  artifactKey: Guid(b31ede1c772d6e344a1ae70cd40e958d) Importer(815301076,1909f56bfc062723c751e8b465ee728b)
Start importing Assets/EmaceArt/Free Meadows/Meshes/EM_rock_fenceBrick_01.fbx using Guid(b31ede1c772d6e344a1ae70cd40e958d) Importer(815301076,1909f56bfc062723c751e8b465ee728b)  -> (artifact id: '21599d1f5e6bc81899859a540cc6cd86') in 0.048756 seconds
  Import took 0.080068 seconds .

========================================================================
Received Import Request.
  Time since last request: 0.000461 seconds.
  path: Assets/EmaceArt/Free Meadows/Meshes/EM_Rock02d.fbx
  artifactKey: Guid(691fcad1e24ddcc4f823016f31d82edc) Importer(815301076,1909f56bfc062723c751e8b465ee728b)
Start importing Assets/EmaceArt/Free Meadows/Meshes/EM_Rock02d.fbx using Guid(691fcad1e24ddcc4f823016f31d82edc) Importer(815301076,1909f56bfc062723c751e8b465ee728b)  -> (artifact id: 'f9fad50d9cd0e9661fce3867bc934fd1') in 0.050738 seconds
  Import took 0.075110 seconds .

========================================================================
Received Import Request.
  Time since last request: 0.000495 seconds.
  path: Assets/EmaceArt/Free Meadows/Meshes/EM_Root3b.fbx
  artifactKey: Guid(d6de51f925c9fa545b6ae266b7a0bba3) Importer(815301076,1909f56bfc062723c751e8b465ee728b)
Start importing Assets/EmaceArt/Free Meadows/Meshes/EM_Root3b.fbx using Guid(d6de51f925c9fa545b6ae266b7a0bba3) Importer(815301076,1909f56bfc062723c751e8b465ee728b)  -> (artifact id: 'ed74e5386b22df14fb4494cceba010f2') in 0.050584 seconds
  Import took 0.055991 seconds .

========================================================================
Received Import Request.
  Time since last request: 0.000520 seconds.
  path: Assets/EmaceArt/Free Meadows/Meshes/EM_wood_fence3b.fbx
  artifactKey: Guid(2223d9f8e9703124db4cdffc45a17d28) Importer(815301076,1909f56bfc062723c751e8b465ee728b)
Start importing Assets/EmaceArt/Free Meadows/Meshes/EM_wood_fence3b.fbx using Guid(2223d9f8e9703124db4cdffc45a17d28) Importer(815301076,1909f56bfc062723c751e8b465ee728b)  -> (artifact id: '8b146f13dc9f13fc4b8cdfc7bd96ee34') in 0.052958 seconds
  Import took 0.056636 seconds .

========================================================================
Received Import Request.
  Time since last request: 0.000508 seconds.
  path: Assets/EmaceArt/Free Meadows/Meshes/EM_Branch03a.fbx
  artifactKey: Guid(08a224516519aa64d997f7ec0b0f43e7) Importer(815301076,1909f56bfc062723c751e8b465ee728b)
Start importing Assets/EmaceArt/Free Meadows/Meshes/EM_Branch03a.fbx using Guid(08a224516519aa64d997f7ec0b0f43e7) Importer(815301076,1909f56bfc062723c751e8b465ee728b)  -> (artifact id: 'a6bb2e1ce9a67d956f2447e547e6e4ad') in 0.051737 seconds
  Import took 0.056794 seconds .

========================================================================
Received Import Request.
  Time since last request: 0.000477 seconds.
  path: Assets/EmaceArt/Free Meadows/Meshes/EM_Rock01b.fbx
  artifactKey: Guid(600bb904dd2219341b249ad10e1a9681) Importer(815301076,1909f56bfc062723c751e8b465ee728b)
Start importing Assets/EmaceArt/Free Meadows/Meshes/EM_Rock01b.fbx using Guid(600bb904dd2219341b249ad10e1a9681) Importer(815301076,1909f56bfc062723c751e8b465ee728b)  -> (artifact id: 'da0bd39fe2481617c697dc0d50e346e7') in 0.046284 seconds
  Import took 0.078197 seconds .

========================================================================
Received Import Request.
  Time since last request: 0.000488 seconds.
  path: Assets/EmaceArt/Free Meadows/Meshes/EM_Root2a.fbx
  artifactKey: Guid(d496f6f5e3206b6489297df2dd372132) Importer(815301076,1909f56bfc062723c751e8b465ee728b)
Start importing Assets/EmaceArt/Free Meadows/Meshes/EM_Root2a.fbx using Guid(d496f6f5e3206b6489297df2dd372132) Importer(815301076,1909f56bfc062723c751e8b465ee728b)  -> (artifact id: '16fa8a5b20c3e4c0272deb305fe787e3') in 0.051221 seconds
  Import took 0.054884 seconds .

========================================================================
Received Import Request.
  Time since last request: 0.000476 seconds.
  path: Assets/EmaceArt/Free Meadows/Meshes/EM_Rock02a.fbx
  artifactKey: Guid(bffcfb04ba6e09640958584ace2880be) Importer(815301076,1909f56bfc062723c751e8b465ee728b)
Start importing Assets/EmaceArt/Free Meadows/Meshes/EM_Rock02a.fbx using Guid(bffcfb04ba6e09640958584ace2880be) Importer(815301076,1909f56bfc062723c751e8b465ee728b)  -> (artifact id: '45398441ba504ca75ea14d105dab79b5') in 0.053239 seconds
  Import took 0.092230 seconds .

========================================================================
Received Import Request.
  Time since last request: 0.000442 seconds.
  path: Assets/EmaceArt/Free Meadows/Meshes/EM_rock_fence4.fbx
  artifactKey: Guid(1e0a1b3475576b04ba1f35e2696fb8a9) Importer(815301076,1909f56bfc062723c751e8b465ee728b)
Start importing Assets/EmaceArt/Free Meadows/Meshes/EM_rock_fence4.fbx using Guid(1e0a1b3475576b04ba1f35e2696fb8a9) Importer(815301076,1909f56bfc062723c751e8b465ee728b)  -> (artifact id: '16c3e3bb7717199ab8ebe09de65ffa13') in 0.049899 seconds
  Import took 0.070531 seconds .

========================================================================
Received Import Request.
  Time since last request: 0.000577 seconds.
  path: Assets/EmaceArt/Free Meadows/Meshes/EM_rock_fence2.fbx
  artifactKey: Guid(bd67890733e3d47448d701f0fcea7819) Importer(815301076,1909f56bfc062723c751e8b465ee728b)
Start importing Assets/EmaceArt/Free Meadows/Meshes/EM_rock_fence2.fbx using Guid(bd67890733e3d47448d701f0fcea7819) Importer(815301076,1909f56bfc062723c751e8b465ee728b)  -> (artifact id: '95b248e7d3b150559193806875c0b67e') in 0.052154 seconds
  Import took 0.055837 seconds .

========================================================================
Received Import Request.
  Time since last request: 0.000456 seconds.
  path: Assets/EmaceArt/Free Meadows/Meshes/EM_Rock19.fbx
  artifactKey: Guid(0e68c936b14b0ed478abb9cc325b01f6) Importer(815301076,1909f56bfc062723c751e8b465ee728b)
Start importing Assets/EmaceArt/Free Meadows/Meshes/EM_Rock19.fbx using Guid(0e68c936b14b0ed478abb9cc325b01f6) Importer(815301076,1909f56bfc062723c751e8b465ee728b)  -> (artifact id: '97fb1a043cea684d6df4dadabfb1daed') in 0.050176 seconds
  Import took 0.070251 seconds .

========================================================================
Received Import Request.
  Time since last request: 0.000423 seconds.
  path: Assets/EmaceArt/Free Meadows/Meshes/EM_Branch03b.fbx
  artifactKey: Guid(143dd218fe9bfc948ae7b2d3f088c50f) Importer(815301076,1909f56bfc062723c751e8b465ee728b)
Start importing Assets/EmaceArt/Free Meadows/Meshes/EM_Branch03b.fbx using Guid(143dd218fe9bfc948ae7b2d3f088c50f) Importer(815301076,1909f56bfc062723c751e8b465ee728b)  -> (artifact id: '449803ad5da11f8b4802572c543089f5') in 0.050943 seconds
  Import took 0.093768 seconds .

========================================================================
Received Import Request.
  Time since last request: 0.000438 seconds.
  path: Assets/EmaceArt/Free Meadows/Meshes/EM_Branch01a.fbx
  artifactKey: Guid(aa0580ccc83dbb047bcb20ca8725a066) Importer(815301076,1909f56bfc062723c751e8b465ee728b)
Start importing Assets/EmaceArt/Free Meadows/Meshes/EM_Branch01a.fbx using Guid(aa0580ccc83dbb047bcb20ca8725a066) Importer(815301076,1909f56bfc062723c751e8b465ee728b)  -> (artifact id: '55759db4de7341954ac0e140a99d5d3a') in 0.071305 seconds
  Import took 0.077539 seconds .

========================================================================
Received Import Request.
  Time since last request: 0.000587 seconds.
  path: Assets/EmaceArt/Free Meadows/Meshes/EM_Rock37.fbx
  artifactKey: Guid(4d16e569dc5c73748959b570bf6f9e09) Importer(815301076,1909f56bfc062723c751e8b465ee728b)
Start importing Assets/EmaceArt/Free Meadows/Meshes/EM_Rock37.fbx using Guid(4d16e569dc5c73748959b570bf6f9e09) Importer(815301076,1909f56bfc062723c751e8b465ee728b)  -> (artifact id: 'f179d6a7cd343126b7f21ed14812a52c') in 0.047094 seconds
  Import took 0.051298 seconds .

========================================================================
Received Import Request.
  Time since last request: 0.000432 seconds.
  path: Assets/EmaceArt/Free Meadows/Meshes/EM_Tree2b.fbx
  artifactKey: Guid(007a53a5f51cb6949abbbfb74b6d351b) Importer(815301076,1909f56bfc062723c751e8b465ee728b)
Start importing Assets/EmaceArt/Free Meadows/Meshes/EM_Tree2b.fbx using Guid(007a53a5f51cb6949abbbfb74b6d351b) Importer(815301076,1909f56bfc062723c751e8b465ee728b)  -> (artifact id: '584e065df4d12a5b57ce78ba99d015c5') in 0.057349 seconds
  Import took 0.061107 seconds .

========================================================================
Received Import Request.
  Time since last request: 0.000369 seconds.
  path: Assets/EmaceArt/Free Meadows/Meshes/EM_Rock01a.fbx
  artifactKey: Guid(37190a0ad6fadc34c869627d652046d7) Importer(815301076,1909f56bfc062723c751e8b465ee728b)
Start importing Assets/EmaceArt/Free Meadows/Meshes/EM_Rock01a.fbx using Guid(37190a0ad6fadc34c869627d652046d7) Importer(815301076,1909f56bfc062723c751e8b465ee728b)  -> (artifact id: '51817ec160ff491f423f3f3d7297365c') in 0.048988 seconds
  Import took 0.052653 seconds .

========================================================================
Received Import Request.
  Time since last request: 0.000412 seconds.
  path: Assets/EmaceArt/Free Meadows/Meshes/EM_Rock01c.fbx
  artifactKey: Guid(7d0e8a81e833a7546b370fe8dfcde1f3) Importer(815301076,1909f56bfc062723c751e8b465ee728b)
Start importing Assets/EmaceArt/Free Meadows/Meshes/EM_Rock01c.fbx using Guid(7d0e8a81e833a7546b370fe8dfcde1f3) Importer(815301076,1909f56bfc062723c751e8b465ee728b)  -> (artifact id: '83df866d59785519d4e80d717724b71f') in 0.047506 seconds
  Import took 0.052242 seconds .

========================================================================
Received Import Request.
  Time since last request: 0.000403 seconds.
  path: Assets/EmaceArt/Free Meadows/Meshes/EM_Rock02b.fbx
  artifactKey: Guid(278672ec97fa733459902cbca5f51322) Importer(815301076,1909f56bfc062723c751e8b465ee728b)
Start importing Assets/EmaceArt/Free Meadows/Meshes/EM_Rock02b.fbx using Guid(278672ec97fa733459902cbca5f51322) Importer(815301076,1909f56bfc062723c751e8b465ee728b)  -> (artifact id: '4b2bf39ef99fb6e1881307c633eeb561') in 0.049992 seconds
  Import took 0.106046 seconds .

========================================================================
Received Import Request.
  Time since last request: 0.000469 seconds.
  path: Assets/EmaceArt/Free Meadows/Meshes/EM_Tree9a.fbx
  artifactKey: Guid(325f149dd82d7da4395c803622bee0b0) Importer(815301076,1909f56bfc062723c751e8b465ee728b)
Start importing Assets/EmaceArt/Free Meadows/Meshes/EM_Tree9a.fbx using Guid(325f149dd82d7da4395c803622bee0b0) Importer(815301076,1909f56bfc062723c751e8b465ee728b)  -> (artifact id: '3a1d0afa548dc472a2a9f61755571906') in 0.053608 seconds
  Import took 0.057267 seconds .

========================================================================
Received Import Request.
  Time since last request: 0.000377 seconds.
  path: Assets/EmaceArt/Free Meadows/Meshes/EM_Branch04a.fbx
  artifactKey: Guid(dd90df9586cd47645855faec5b43afd1) Importer(815301076,1909f56bfc062723c751e8b465ee728b)
Start importing Assets/EmaceArt/Free Meadows/Meshes/EM_Branch04a.fbx using Guid(dd90df9586cd47645855faec5b43afd1) Importer(815301076,1909f56bfc062723c751e8b465ee728b)  -> (artifact id: 'b221d406a27d24f33c4936f37a60ded4') in 0.050042 seconds
  Import took 0.092041 seconds .

========================================================================
Received Import Request.
  Time since last request: 0.000441 seconds.
  path: Assets/EmaceArt/Free Meadows/Meshes/EM_wood_fence3c.fbx
  artifactKey: Guid(6e5150349a0ca2a4fa463306d2abd3fa) Importer(815301076,1909f56bfc062723c751e8b465ee728b)
Start importing Assets/EmaceArt/Free Meadows/Meshes/EM_wood_fence3c.fbx using Guid(6e5150349a0ca2a4fa463306d2abd3fa) Importer(815301076,1909f56bfc062723c751e8b465ee728b)  -> (artifact id: '28dc85754a45be51dc99b1d611308d8f') in 0.052839 seconds
  Import took 0.056485 seconds .

========================================================================
Received Import Request.
  Time since last request: 0.000467 seconds.
  path: Assets/EmaceArt/Free Meadows/Meshes/EM_rock_fence6.fbx
  artifactKey: Guid(004e39c96737c104bba789f079d5f222) Importer(815301076,1909f56bfc062723c751e8b465ee728b)
Start importing Assets/EmaceArt/Free Meadows/Meshes/EM_rock_fence6.fbx using Guid(004e39c96737c104bba789f079d5f222) Importer(815301076,1909f56bfc062723c751e8b465ee728b)  -> (artifact id: 'd9ec2d64cd3136fdd6d0f8f8dc5fa4a2') in 0.068431 seconds
  Import took 0.072661 seconds .

========================================================================
Received Import Request.
  Time since last request: 0.000496 seconds.
  path: Assets/EmaceArt/Free Meadows/Meshes/EM_rock_fence5.fbx
  artifactKey: Guid(34d07a9bf2aa0dd4a971e02e7153a24e) Importer(815301076,1909f56bfc062723c751e8b465ee728b)
Start importing Assets/EmaceArt/Free Meadows/Meshes/EM_rock_fence5.fbx using Guid(34d07a9bf2aa0dd4a971e02e7153a24e) Importer(815301076,1909f56bfc062723c751e8b465ee728b)  -> (artifact id: '63fbab2f276c8e6e06a8ed5828f41630') in 0.048489 seconds
  Import took 0.051990 seconds .

========================================================================
Received Import Request.
  Time since last request: 0.000534 seconds.
  path: Assets/EmaceArt/Free Meadows/Meshes/EM_Stone8.fbx
  artifactKey: Guid(f346bb1a101c1f64490f41d17077ffb3) Importer(815301076,1909f56bfc062723c751e8b465ee728b)
Start importing Assets/EmaceArt/Free Meadows/Meshes/EM_Stone8.fbx using Guid(f346bb1a101c1f64490f41d17077ffb3) Importer(815301076,1909f56bfc062723c751e8b465ee728b)  -> (artifact id: '0b128e08908b5164a54e7bd3dcf7d939') in 0.050981 seconds
  Import took 0.054604 seconds .

========================================================================
Received Import Request.
  Time since last request: 0.000448 seconds.
  path: Assets/EmaceArt/Free Meadows/Meshes/EM_Stone9.fbx
  artifactKey: Guid(4c2f11536d79b9d4990d94c7b63a2581) Importer(815301076,1909f56bfc062723c751e8b465ee728b)
Start importing Assets/EmaceArt/Free Meadows/Meshes/EM_Stone9.fbx using Guid(4c2f11536d79b9d4990d94c7b63a2581) Importer(815301076,1909f56bfc062723c751e8b465ee728b)  -> (artifact id: '0e85ffe60f0ca8cc3c4134420860f29c') in 0.051131 seconds
  Import took 0.097967 seconds .

========================================================================
Received Import Request.
  Time since last request: 0.000467 seconds.
  path: Assets/EmaceArt/Free Meadows/Meshes/EM_rock_fence7.fbx
  artifactKey: Guid(95ae310d7b7e88548b3f0dbe9efe3db3) Importer(815301076,1909f56bfc062723c751e8b465ee728b)
Start importing Assets/EmaceArt/Free Meadows/Meshes/EM_rock_fence7.fbx using Guid(95ae310d7b7e88548b3f0dbe9efe3db3) Importer(815301076,1909f56bfc062723c751e8b465ee728b)  -> (artifact id: '318a4a3d198b7bd6b1289c7803e89007') in 0.056566 seconds
  Import took 0.060008 seconds .

========================================================================
Received Import Request.
  Time since last request: 0.000423 seconds.
  path: Assets/EmaceArt/Free Meadows/Meshes/EM_Tree2a.fbx
  artifactKey: Guid(50578a73428c8cb478ef3d1596d57722) Importer(815301076,1909f56bfc062723c751e8b465ee728b)
Start importing Assets/EmaceArt/Free Meadows/Meshes/EM_Tree2a.fbx using Guid(50578a73428c8cb478ef3d1596d57722) Importer(815301076,1909f56bfc062723c751e8b465ee728b)  -> (artifact id: 'a72a6cafdb6354b5a3f34c855a0388e9') in 0.056350 seconds
  Import took 0.059915 seconds .

========================================================================
Received Import Request.
  Time since last request: 0.000502 seconds.
  path: Assets/EmaceArt/Free Meadows/Meshes/EM_Root3a.fbx
  artifactKey: Guid(eb004f99778df9b42b92045cc9a6a008) Importer(815301076,1909f56bfc062723c751e8b465ee728b)
Start importing Assets/EmaceArt/Free Meadows/Meshes/EM_Root3a.fbx using Guid(eb004f99778df9b42b92045cc9a6a008) Importer(815301076,1909f56bfc062723c751e8b465ee728b)  -> (artifact id: '3de5d134a5aa0459951f5e6503b9e402') in 0.052810 seconds
  Import took 0.056912 seconds .

========================================================================
Received Import Request.
  Time since last request: 147.400420 seconds.
  path: Packages/com.unity.ext.nunit/package.json
  artifactKey: Guid(8143d3a8390f2c64685e3bc272bd9e90) Importer(815301076,1909f56bfc062723c751e8b465ee728b)
Start importing Packages/com.unity.ext.nunit/package.json using Guid(8143d3a8390f2c64685e3bc272bd9e90) Importer(815301076,1909f56bfc062723c751e8b465ee728b)  -> (artifact id: '2ecb84c434ef4d76620462a88be37844') in 0.053682 seconds
  Import took 0.073482 seconds .

========================================================================
Received Import Request.
  Time since last request: 0.518834 seconds.
  path: Packages/com.unity.ide.rider/package.json
  artifactKey: Guid(66c95bb3c74257f41bae2622511dc02d) Importer(815301076,1909f56bfc062723c751e8b465ee728b)
Start importing Packages/com.unity.ide.rider/package.json using Guid(66c95bb3c74257f41bae2622511dc02d) Importer(815301076,1909f56bfc062723c751e8b465ee728b)  -> (artifact id: '183bb93f7f5f18e29ef0b4b522e09650') in 0.026551 seconds
  Import took 0.030487 seconds .

========================================================================
Received Import Request.
  Time since last request: 0.673221 seconds.
  path: Packages/com.unity.test-framework/package.json
  artifactKey: Guid(d6a2e6e4803de7b43baacdc355fc144d) Importer(815301076,1909f56bfc062723c751e8b465ee728b)
Start importing Packages/com.unity.test-framework/package.json using Guid(d6a2e6e4803de7b43baacdc355fc144d) Importer(815301076,1909f56bfc062723c751e8b465ee728b)  -> (artifact id: 'd580aee89ee37e6db8ba950d8f87d8be') in 0.109300 seconds
  Import took 0.113203 seconds .

========================================================================
Received Import Request.
  Time since last request: 0.788550 seconds.
  path: Packages/com.unity.timeline/package.json
  artifactKey: Guid(13a9c1b4df2e489e8eb9cacca7429596) Importer(815301076,1909f56bfc062723c751e8b465ee728b)
Start importing Packages/com.unity.timeline/package.json using Guid(13a9c1b4df2e489e8eb9cacca7429596) Importer(815301076,1909f56bfc062723c751e8b465ee728b)  -> (artifact id: '8092f75e54fa1cebf575669c6c4d7485') in 0.007305 seconds
  Import took 0.011348 seconds .

========================================================================
Received Import Request.
  Time since last request: 0.651616 seconds.
  path: Packages/com.unity.textmeshpro/package.json
  artifactKey: Guid(220e9325710f4235a43492dd1ee4980d) Importer(815301076,1909f56bfc062723c751e8b465ee728b)
Start importing Packages/com.unity.textmeshpro/package.json using Guid(220e9325710f4235a43492dd1ee4980d) Importer(815301076,1909f56bfc062723c751e8b465ee728b)  -> (artifact id: '02b167fade9e987c57639188a13eb6a9') in 0.007904 seconds
  Import took 0.011434 seconds .

========================================================================
Received Import Request.
  Time since last request: 1.026041 seconds.
  path: Packages/com.unity.ugui/package.json
  artifactKey: Guid(319b8889f363f5947acf209c17a94149) Importer(815301076,1909f56bfc062723c751e8b465ee728b)
Start importing Packages/com.unity.ugui/package.json using Guid(319b8889f363f5947acf209c17a94149) Importer(815301076,1909f56bfc062723c751e8b465ee728b)  -> (artifact id: 'e9d29822e61ef040120c542abff920e0') in 0.049562 seconds
  Import took 0.067641 seconds .

========================================================================
Received Import Request.
  Time since last request: 0.002643 seconds.
  path: Packages/com.unity.ugui/package.json
  artifactKey: Guid(319b8889f363f5947acf209c17a94149) Importer(815301076,1909f56bfc062723c751e8b465ee728b)
Start importing Packages/com.unity.ugui/package.json using Guid(319b8889f363f5947acf209c17a94149) Importer(815301076,1909f56bfc062723c751e8b465ee728b)  -> (artifact id: 'e9d29822e61ef040120c542abff920e0') in 0.003068 seconds
  Import took 0.006867 seconds .

========================================================================
Received Import Request.
  Time since last request: 1.246255 seconds.
  path: Packages/com.unity.ide.visualstudio/package.json
  artifactKey: Guid(656f74f6edaa396458412b9e3903d8cd) Importer(815301076,1909f56bfc062723c751e8b465ee728b)
Start importing Packages/com.unity.ide.visualstudio/package.json using Guid(656f74f6edaa396458412b9e3903d8cd) Importer(815301076,1909f56bfc062723c751e8b465ee728b)  -> (artifact id: 'b5ef23b0a28dcb8e82c68333d8ae17e8') in 0.093600 seconds
  Import took 0.106496 seconds .

